TN:
SF:/home/vongalixor/Git/uvgTorrent-c/src/net_utils/net_utils.c
FN:19,little_endianess
FN:38,byteswap64
FN:53,htonll_util
FN:61,htonl_util
FN:69,htons_util
FN:77,ntohll_util
FN:85,ntohl_util
FN:93,ntohs_util
FN:101,connect_wait
FN:169,read_poll
FNDA:34,little_endianess
FNDA:13,byteswap64
FNDA:10,htonll_util
FNDA:15,htonl_util
FNDA:0,htons_util
FNDA:3,ntohll_util
FNDA:6,ntohl_util
FNDA:0,ntohs_util
FNDA:0,connect_wait
FNDA:5,read_poll
FNF:10
FNH:7
DA:19,34
DA:26,34
DA:27,34
DA:38,13
DA:39,13
DA:40,13
DA:41,13
DA:53,10
DA:54,10
DA:55,10
DA:57,0
DA:61,15
DA:62,15
DA:63,15
DA:65,0
DA:69,0
DA:70,0
DA:71,0
DA:73,0
DA:77,3
DA:78,3
DA:79,3
DA:81,0
DA:85,6
DA:86,6
DA:87,6
DA:89,0
DA:93,0
DA:94,0
DA:95,0
DA:97,0
DA:101,0
DA:109,0
DA:110,0
DA:114,0
DA:115,0
DA:119,0
DA:120,0
DA:124,0
DA:125,0
DA:128,0
DA:133,0
DA:137,0
DA:138,0
DA:142,0
DA:143,0
DA:146,0
DA:147,0
DA:148,0
DA:152,0
DA:155,0
DA:156,0
DA:160,0
DA:161,0
DA:162,0
DA:166,0
DA:169,5
DA:173,5
DA:174,5
DA:176,5
DA:178,0
DA:181,5
DA:183,5
DA:184,0
DA:187,5
DA:188,0
DA:189,5
DA:190,0
DA:191,0
DA:192,0
DA:194,5
DA:195,5
DA:196,5
DA:198,0
DA:201,5
LF:75
LH:31
end_of_record
TN:
SF:/home/vongalixor/Git/uvgTorrent-c/src/torrent/torrent.c
FN:16,torrent_parse_magnet_uri
FN:79,torrent_new
FN:135,torrent_add_tracker
FN:153,torrent_run_trackers
FN:201,torrent_free
FNDA:2,torrent_parse_magnet_uri
FNDA:4,torrent_new
FNDA:5,torrent_add_tracker
FNDA:0,torrent_run_trackers
FNDA:7,torrent_free
FNF:5
FNH:4
DA:16,2
DA:19,2
DA:20,2
DA:22,2
DA:23,1
DA:26,1
DA:27,1
DA:29,1
DA:31,1
DA:32,1
DA:34,1
DA:35,0
DA:42,1
DA:43,1
DA:45,7
DA:46,1
DA:47,1
DA:48,0
DA:51,6
DA:52,1
DA:53,1
DA:54,0
DA:57,1
DA:58,1
DA:60,21
DA:61,20
DA:62,20
DA:65,5
DA:66,5
DA:67,0
DA:73,1
DA:74,0
DA:75,0
DA:79,4
DA:80,4
DA:82,4
DA:83,4
DA:84,1
DA:87,3
DA:88,3
DA:89,3
DA:90,3
DA:92,3
DA:94,3
DA:95,3
DA:96,3
DA:97,3
DA:98,3
DA:99,3
DA:101,3
DA:104,3
DA:105,3
DA:106,1
DA:109,2
DA:110,2
DA:111,0
DA:115,2
DA:116,1
DA:119,1
DA:120,1
DA:121,1
DA:123,6
DA:124,5
DA:125,5
DA:128,1
DA:129,3
DA:130,3
DA:132,3
DA:135,5
DA:136,5
DA:137,5
DA:138,5
DA:139,0
DA:142,5
DA:143,5
DA:146,0
DA:148,5
DA:149,0
DA:150,0
DA:153,0
DA:154,0
DA:155,0
DA:156,0
DA:157,0
DA:163,0
DA:164,0
DA:167,0
DA:168,0
DA:171,0
DA:172,0
DA:175,0
DA:183,0
DA:188,0
DA:189,0
DA:192,0
DA:194,0
DA:196,0
DA:197,0
DA:198,0
DA:201,7
DA:202,7
DA:203,3
DA:204,3
DA:205,3
DA:207,3
DA:208,2
DA:209,2
DA:211,3
DA:212,2
DA:213,2
DA:215,3
DA:216,1
DA:217,1
DA:219,3
DA:220,1
DA:221,1
DA:224,8
DA:225,5
DA:226,5
DA:227,5
DA:228,5
DA:232,3
DA:233,3
DA:236,7
LF:124
LH:93
end_of_record
TN:
SF:/home/vongalixor/Git/uvgTorrent-c/src/thread_pool/thread_pool.c
FN:8,thread_handle
FN:24,thread_pool_new
FN:53,thread_pool_free
FN:81,thread_pool_add_job
FNDA:0,thread_handle
FNDA:0,thread_pool_new
FNDA:0,thread_pool_free
FNDA:0,thread_pool_add_job
FNF:4
FNH:0
DA:8,0
DA:9,0
DA:10,0
DA:12,0
DA:13,0
DA:14,0
DA:15,0
DA:16,0
DA:17,0
DA:18,0
DA:22,0
DA:24,0
DA:25,0
DA:27,0
DA:28,0
DA:29,0
DA:30,0
DA:33,0
DA:34,0
DA:35,0
DA:36,0
DA:37,0
DA:41,0
DA:42,0
DA:43,0
DA:44,0
DA:47,0
DA:49,0
DA:50,0
DA:53,0
DA:54,0
DA:55,0
DA:56,0
DA:59,0
DA:61,0
DA:62,0
DA:64,0
DA:65,0
DA:66,0
DA:67,0
DA:68,0
DA:71,0
DA:72,0
DA:74,0
DA:75,0
DA:78,0
DA:81,0
DA:83,0
DA:84,0
DA:85,0
DA:87,0
DA:90,0
DA:91,0
DA:93,0
DA:94,0
DA:95,0
LF:56
LH:0
end_of_record
TN:
SF:/home/vongalixor/Git/uvgTorrent-c/test/main.c
FN:32,main
FNDA:1,main
FNF:1
FNH:1
DA:32,1
DA:37,1
DA:57,1
LF:3
LH:3
end_of_record
SF:/home/vongalixor/Git/uvgTorrent-c/test/mocked_functions.c
FN:12,USE_WRAPPED_MALLOC
FN:17,__wrap_malloc
FN:27,USE_WRAPPED_STRNDUP
FN:31,__wrap_strndup
FN:41,__wrap_connect_wait
FN:47,__wrap_read
FN:62,__wrap_write
FN:74,__wrap_random
FN:80,__wrap_poll
FN:86,__wrap_getaddrinfo
FN:96,__wrap_socket
FN:101,RESET_MOCKS
FNDA:1,USE_WRAPPED_MALLOC
FNDA:18,__wrap_malloc
FNDA:1,USE_WRAPPED_STRNDUP
FNDA:33,__wrap_strndup
FNDA:5,__wrap_connect_wait
FNDA:5,__wrap_read
FNDA:5,__wrap_write
FNDA:5,__wrap_random
FNDA:5,__wrap_poll
FNDA:5,__wrap_getaddrinfo
FNDA:5,__wrap_socket
FNDA:12,RESET_MOCKS
FNF:12
FNH:12
DA:12,1
DA:14,1
DA:15,1
DA:17,18
DA:18,18
DA:19,17
DA:21,1
DA:27,1
DA:28,1
DA:29,1
DA:31,33
DA:32,33
DA:33,32
DA:35,1
DA:41,5
DA:42,5
DA:47,5
DA:48,5
DA:49,5
DA:50,5
DA:52,5
DA:54,5
DA:55,3
DA:57,2
DA:62,5
DA:63,5
DA:64,5
DA:65,5
DA:66,5
DA:67,5
DA:69,0
DA:74,5
DA:75,5
DA:80,5
DA:81,5
DA:82,5
DA:86,5
DA:87,5
DA:88,5
DA:89,5
DA:90,5
DA:91,5
DA:96,5
DA:97,5
DA:101,12
DA:102,12
DA:103,12
DA:104,12
LF:48
LH:47
end_of_record
SF:/home/vongalixor/Git/uvgTorrent-c/test/test_torrent.c
FN:9,test_magnet_uri_parse_success
FN:33,test_invalid_magnet_uri
FN:48,test_torrent_strndup_failed
FN:73,test_torrent_malloc_failed
FNDA:1,test_magnet_uri_parse_success
FNDA:1,test_invalid_magnet_uri
FNDA:1,test_torrent_strndup_failed
FNDA:1,test_torrent_malloc_failed
FNF:4
FNH:4
DA:9,1
DA:12,1
DA:14,1
DA:18,1
DA:20,1
DA:21,1
DA:22,1
DA:24,1
DA:25,1
DA:26,1
DA:27,1
DA:29,1
DA:30,1
DA:33,1
DA:36,1
DA:38,1
DA:39,1
DA:41,1
DA:42,1
DA:43,1
DA:44,1
DA:45,1
DA:48,1
DA:51,1
DA:52,1
DA:54,1
DA:55,1
DA:57,1
DA:62,1
DA:64,1
DA:65,1
DA:66,1
DA:67,1
DA:69,1
DA:70,1
DA:73,1
DA:76,1
DA:77,1
DA:78,1
DA:80,1
DA:82,1
DA:86,1
DA:88,1
DA:89,1
DA:90,1
DA:91,1
DA:93,1
DA:94,1
LF:48
LH:48
end_of_record
SF:/home/vongalixor/Git/uvgTorrent-c/test/test_tracker.c
FN:12,test_tracker_new
FN:32,test_tracker_should_announce
FN:62,test_tracker_timeout_scaling
FN:100,test_tracker_connect_success
FN:140,test_tracker_connect_fail_incorrect_transaction_id
FN:178,test_tracker_connect_fail_incorrect_action
FN:219,test_tracker_connect_failed_read
FN:259,test_tracker_connect_failed_read_incomplete
FNDA:1,test_tracker_new
FNDA:1,test_tracker_should_announce
FNDA:1,test_tracker_timeout_scaling
FNDA:1,test_tracker_connect_success
FNDA:1,test_tracker_connect_fail_incorrect_transaction_id
FNDA:1,test_tracker_connect_fail_incorrect_action
FNDA:1,test_tracker_connect_failed_read
FNDA:1,test_tracker_connect_failed_read_incomplete
FNF:8
FNH:8
DA:12,1
DA:15,1
DA:17,1
DA:19,1
DA:20,1
DA:21,1
DA:23,1
DA:24,1
DA:25,1
DA:26,1
DA:28,1
DA:29,1
DA:32,1
DA:35,1
DA:37,1
DA:39,1
DA:40,1
DA:41,1
DA:44,1
DA:47,1
DA:48,1
DA:49,1
DA:50,1
DA:51,1
DA:52,1
DA:53,1
DA:54,1
DA:55,1
DA:56,1
DA:58,1
DA:59,1
DA:62,1
DA:65,1
DA:67,1
DA:69,1
DA:70,1
DA:71,1
DA:74,1
DA:77,1
DA:78,1
DA:80,1
DA:81,1
DA:83,1
DA:84,1
DA:86,1
DA:87,1
DA:89,1
DA:90,1
DA:93,1
DA:94,1
DA:96,1
DA:97,1
DA:100,1
DA:103,1
DA:105,1
DA:107,1
DA:108,1
DA:109,1
DA:112,1
DA:113,1
DA:116,1
DA:117,1
DA:118,1
DA:121,1
DA:122,1
DA:123,1
DA:126,1
DA:127,1
DA:128,1
DA:130,1
DA:131,1
DA:133,1
DA:134,1
DA:136,1
DA:137,1
DA:140,1
DA:143,1
DA:145,1
DA:147,1
DA:148,1
DA:149,1
DA:152,1
DA:154,1
DA:155,1
DA:156,1
DA:159,1
DA:160,1
DA:161,1
DA:164,1
DA:165,1
DA:166,1
DA:168,1
DA:169,1
DA:171,1
DA:172,1
DA:174,1
DA:175,1
DA:178,1
DA:181,1
DA:183,1
DA:185,1
DA:186,1
DA:187,1
DA:190,1
DA:192,1
DA:195,1
DA:196,1
DA:197,1
DA:200,1
DA:201,1
DA:202,1
DA:205,1
DA:206,1
DA:207,1
DA:209,1
DA:210,1
DA:212,1
DA:213,1
DA:215,1
DA:216,1
DA:219,1
DA:222,1
DA:224,1
DA:226,1
DA:227,1
DA:228,1
DA:231,1
DA:232,1
DA:235,1
DA:236,1
DA:237,1
DA:240,1
DA:241,1
DA:242,1
DA:245,1
DA:246,1
DA:247,1
DA:249,1
DA:250,1
DA:252,1
DA:253,1
DA:255,1
DA:256,1
DA:259,1
DA:262,1
DA:264,1
DA:266,1
DA:267,1
DA:268,1
DA:271,1
DA:272,1
DA:275,1
DA:276,1
DA:277,1
DA:280,1
DA:281,1
DA:282,1
DA:285,1
DA:286,1
DA:287,1
DA:289,1
DA:290,1
DA:292,1
DA:293,1
DA:295,1
DA:296,1
LF:166
LH:166
end_of_record
TN:
SF:/home/vongalixor/Git/uvgTorrent-c/src/deadline/deadline.c
FN:7,now
FNDA:6,now
FNF:1
FNH:1
DA:7,6
DA:9,6
DA:10,6
DA:11,0
DA:13,6
DA:14,6
LF:6
LH:5
end_of_record
TN:
SF:/home/vongalixor/Git/uvgTorrent-c/src/peer/peer.c
FN:8,peer_new
FN:31,peer_free
FNDA:0,peer_new
FNDA:0,peer_free
FNF:2
FNH:0
DA:8,0
DA:9,0
DA:11,0
DA:12,0
DA:13,0
DA:16,0
DA:17,0
DA:18,0
DA:19,0
DA:20,0
DA:21,0
DA:26,0
DA:27,0
DA:28,0
DA:31,0
DA:32,0
DA:33,0
DA:34,0
DA:35,0
DA:37,0
LF:20
LH:0
end_of_record
TN:
SF:/home/vongalixor/Git/uvgTorrent-c/src/args/args.c
FN:31,set_default_options
FN:41,switch_options
FN:62,options_parser
FNDA:0,set_default_options
FNDA:0,switch_options
FNDA:0,options_parser
FNF:3
FNH:0
DA:31,0
DA:32,0
DA:33,0
DA:34,0
DA:41,0
DA:42,0
DA:43,0
DA:44,0
DA:45,0
DA:47,0
DA:48,0
DA:49,0
DA:51,0
DA:52,0
DA:53,0
DA:55,0
DA:62,0
DA:63,0
DA:76,0
DA:78,0
DA:79,0
DA:82,0
DA:85,0
DA:88,0
LF:24
LH:0
end_of_record
TN:
SF:/home/vongalixor/Git/uvgTorrent-c/src/thread_pool/example.c
FN:8,add_numbers
FN:33,run_threadpool_example
FNDA:0,add_numbers
FNDA:0,run_threadpool_example
FNF:2
FNH:0
DA:8,0
DA:9,0
DA:10,0
DA:14,0
DA:17,0
DA:19,0
DA:20,0
DA:21,0
DA:23,0
DA:24,0
DA:26,0
DA:27,0
DA:28,0
DA:30,0
DA:31,0
DA:33,0
DA:35,0
DA:36,0
DA:37,0
DA:38,0
DA:41,0
DA:42,0
DA:43,0
DA:46,0
DA:47,0
DA:48,0
DA:63,0
DA:68,0
DA:69,0
DA:72,0
DA:74,0
DA:75,0
DA:76,0
DA:77,0
DA:78,0
DA:82,0
DA:83,0
DA:85,0
DA:86,0
DA:87,0
DA:88,0
DA:89,0
DA:90,0
LF:43
LH:0
end_of_record
TN:
SF:/home/vongalixor/Git/uvgTorrent-c/src/thread_pool/job.c
FN:8,job_arg_lock
FN:14,job_arg_unlock
FN:22,job_new
FN:51,job_execute
FN:73,job_free
FNDA:0,job_arg_lock
FNDA:0,job_arg_unlock
FNDA:0,job_new
FNDA:0,job_execute
FNDA:0,job_free
FNF:5
FNH:0
DA:8,0
DA:9,0
DA:10,0
DA:12,0
DA:14,0
DA:15,0
DA:16,0
DA:18,0
DA:22,0
DA:24,0
DA:26,0
DA:27,0
DA:29,0
DA:31,0
DA:32,0
DA:33,0
DA:35,0
DA:36,0
DA:38,0
DA:39,0
DA:41,0
DA:42,0
DA:45,0
DA:47,0
DA:48,0
DA:51,0
DA:52,0
DA:53,0
DA:54,0
DA:55,0
DA:56,0
DA:57,0
DA:58,0
DA:59,0
DA:60,0
DA:61,0
DA:62,0
DA:63,0
DA:64,0
DA:65,0
DA:66,0
DA:67,0
DA:69,0
DA:70,0
DA:73,0
DA:74,0
DA:75,0
DA:76,0
DA:79,0
LF:49
LH:0
end_of_record
TN:
SF:/home/vongalixor/Git/uvgTorrent-c/src/messages/messages.c
FN:30,help
FN:39,options
FNDA:0,help
FNDA:0,options
FNF:2
FNH:0
DA:30,0
DA:31,0
DA:32,0
DA:33,0
DA:39,0
DA:40,0
DA:41,0
DA:43,0
DA:45,0
DA:48,0
LF:10
LH:0
end_of_record
TN:
SF:/home/vongalixor/Git/uvgTorrent-c/src/thread_pool/queue.c
FN:7,queue_lock
FN:11,queue_unlock
FN:16,queue_new
FN:35,queue_push
FN:66,queue_pop
FN:91,queue_get_count
FN:99,queue_free
FNDA:0,queue_lock
FNDA:0,queue_unlock
FNDA:0,queue_new
FNDA:0,queue_push
FNDA:0,queue_pop
FNDA:0,queue_get_count
FNDA:0,queue_free
FNF:7
FNH:0
DA:7,0
DA:8,0
DA:9,0
DA:11,0
DA:12,0
DA:13,0
DA:16,0
DA:17,0
DA:19,0
DA:20,0
DA:21,0
DA:24,0
DA:26,0
DA:27,0
DA:28,0
DA:30,0
DA:31,0
DA:32,0
DA:35,0
DA:36,0
DA:38,0
DA:39,0
DA:40,0
DA:42,0
DA:43,0
DA:45,0
DA:46,0
DA:47,0
DA:48,0
DA:50,0
DA:51,0
DA:54,0
DA:55,0
DA:56,0
DA:58,0
DA:59,0
DA:60,0
DA:61,0
DA:62,0
DA:63,0
DA:66,0
DA:67,0
DA:69,0
DA:70,0
DA:71,0
DA:75,0
DA:76,0
DA:78,0
DA:79,0
DA:81,0
DA:82,0
DA:84,0
DA:86,0
DA:88,0
DA:91,0
DA:92,0
DA:93,0
DA:94,0
DA:96,0
DA:99,0
DA:100,0
DA:101,0
DA:102,0
DA:104,0
DA:105,0
DA:106,0
DA:109,0
LF:67
LH:0
end_of_record
TN:
SF:/usr/include/x86_64-linux-gnu/curl/typecheck-gcc.h
FN:163,_curl_easy_setopt_err_long
FN:165,_curl_easy_setopt_err_curl_off_t
FN:167,_curl_easy_setopt_err_string
FN:171,_curl_easy_setopt_err_write_callback
FN:173,_curl_easy_setopt_err_read_cb
FN:175,_curl_easy_setopt_err_ioctl_cb
FN:177,_curl_easy_setopt_err_sockopt_cb
FN:179,_curl_easy_setopt_err_opensocket_cb
FN:183,_curl_easy_setopt_err_progress_cb
FN:185,_curl_easy_setopt_err_debug_cb
FN:187,_curl_easy_setopt_err_ssl_ctx_cb
FN:189,_curl_easy_setopt_err_conv_cb
FN:191,_curl_easy_setopt_err_seek_cb
FN:193,_curl_easy_setopt_err_cb_data
FN:196,_curl_easy_setopt_err_error_buffer
FN:199,_curl_easy_setopt_err_FILE
FN:201,_curl_easy_setopt_err_postfields
FN:203,_curl_easy_setopt_err_curl_httpost
FN:206,_curl_easy_setopt_err_curl_mimepost
FN:209,_curl_easy_setopt_err_curl_slist
FN:211,_curl_easy_setopt_err_CURLSH
FN:214,_curl_easy_getinfo_err_string
FN:216,_curl_easy_getinfo_err_long
FN:218,_curl_easy_getinfo_err_double
FN:220,_curl_easy_getinfo_err_curl_slist
FN:222,_curl_easy_getinfo_err_curl_tlssesssioninfo
FN:225,_curl_easy_getinfo_err_curl_certinfo
FN:228,_curl_easy_getinfo_err_curl_socket
FN:230,_curl_easy_getinfo_err_curl_off_t
FNDA:0,_curl_easy_setopt_err_long
FNDA:0,_curl_easy_setopt_err_curl_off_t
FNDA:0,_curl_easy_setopt_err_string
FNDA:0,_curl_easy_setopt_err_write_callback
FNDA:0,_curl_easy_setopt_err_read_cb
FNDA:0,_curl_easy_setopt_err_ioctl_cb
FNDA:0,_curl_easy_setopt_err_sockopt_cb
FNDA:0,_curl_easy_setopt_err_opensocket_cb
FNDA:0,_curl_easy_setopt_err_progress_cb
FNDA:0,_curl_easy_setopt_err_debug_cb
FNDA:0,_curl_easy_setopt_err_ssl_ctx_cb
FNDA:0,_curl_easy_setopt_err_conv_cb
FNDA:0,_curl_easy_setopt_err_seek_cb
FNDA:0,_curl_easy_setopt_err_cb_data
FNDA:0,_curl_easy_setopt_err_error_buffer
FNDA:0,_curl_easy_setopt_err_FILE
FNDA:0,_curl_easy_setopt_err_postfields
FNDA:0,_curl_easy_setopt_err_curl_httpost
FNDA:0,_curl_easy_setopt_err_curl_mimepost
FNDA:0,_curl_easy_setopt_err_curl_slist
FNDA:0,_curl_easy_setopt_err_CURLSH
FNDA:0,_curl_easy_getinfo_err_string
FNDA:0,_curl_easy_getinfo_err_long
FNDA:0,_curl_easy_getinfo_err_double
FNDA:0,_curl_easy_getinfo_err_curl_slist
FNDA:0,_curl_easy_getinfo_err_curl_tlssesssioninfo
FNDA:0,_curl_easy_getinfo_err_curl_certinfo
FNDA:0,_curl_easy_getinfo_err_curl_socket
FNDA:0,_curl_easy_getinfo_err_curl_off_t
FNF:29
FNH:0
DA:163,0
DA:165,0
DA:167,0
DA:171,0
DA:173,0
DA:175,0
DA:177,0
DA:179,0
DA:183,0
DA:185,0
DA:187,0
DA:189,0
DA:191,0
DA:193,0
DA:196,0
DA:199,0
DA:201,0
DA:203,0
DA:206,0
DA:209,0
DA:211,0
DA:214,0
DA:216,0
DA:218,0
DA:220,0
DA:222,0
DA:225,0
DA:228,0
DA:230,0
LF:29
LH:0
end_of_record
SF:/home/vongalixor/Git/uvgTorrent-c/src/tracker/tracker.c
FN:26,tracker_new
FN:92,tracker_run
FN:165,tracker_disconnect
FN:172,tracker_connect
FN:308,tracker_should_announce
FN:315,tracker_announce
FN:440,tracker_should_scrape
FN:447,tracker_scrape
FN:548,tracker_get_timeout
FN:552,tracker_message_failed
FN:563,tracker_message_succeded
FN:568,tracker_free
FNDA:13,tracker_new
FNDA:0,tracker_run
FNDA:22,tracker_disconnect
FNDA:5,tracker_connect
FNDA:11,tracker_should_announce
FNDA:0,tracker_announce
FNDA:0,tracker_should_scrape
FNDA:0,tracker_scrape
FNDA:12,tracker_get_timeout
FNDA:9,tracker_message_failed
FNDA:2,tracker_message_succeded
FNDA:13,tracker_free
FNF:12
FNH:8
DA:26,13
DA:27,13
DA:28,13
DA:29,13
DA:31,13
DA:32,13
DA:33,0
DA:37,13
DA:38,13
DA:40,13
DA:41,13
DA:42,13
DA:43,13
DA:44,13
DA:45,13
DA:47,13
DA:49,13
DA:50,13
DA:53,13
DA:55,13
DA:56,13
DA:57,0
DA:59,13
DA:60,13
DA:61,0
DA:66,13
DA:67,0
DA:69,13
DA:70,13
DA:71,0
DA:73,13
DA:75,13
DA:76,13
DA:77,13
DA:78,0
DA:79,0
DA:80,0
DA:82,0
DA:83,0
DA:85,0
DA:86,0
DA:89,0
DA:92,0
DA:94,0
DA:96,0
DA:97,0
DA:100,0
DA:101,0
DA:102,0
DA:103,0
DA:104,0
DA:105,0
DA:108,0
DA:109,0
DA:112,0
DA:115,0
DA:116,0
DA:118,0
DA:120,0
DA:121,0
DA:122,0
DA:123,0
DA:124,0
DA:125,0
DA:126,0
DA:127,0
DA:128,0
DA:130,0
DA:135,0
DA:136,0
DA:137,0
DA:139,0
DA:144,0
DA:145,0
DA:149,0
DA:150,0
DA:151,0
DA:154,0
DA:155,0
DA:157,0
DA:159,0
DA:160,0
DA:163,0
DA:165,22
DA:166,22
DA:167,0
DA:168,0
DA:170,22
DA:172,5
DA:173,5
DA:175,5
DA:177,5
DA:178,5
DA:180,5
DA:181,5
DA:182,5
DA:183,5
DA:184,5
DA:187,5
DA:188,5
DA:190,5
DA:191,0
DA:194,5
DA:195,5
DA:196,5
DA:197,0
DA:198,0
DA:202,5
DA:203,5
DA:204,5
DA:206,5
DA:209,0
DA:213,5
DA:214,5
DA:215,5
DA:219,5
DA:220,0
DA:221,0
DA:225,5
DA:226,5
DA:227,5
DA:228,5
DA:233,5
DA:234,5
DA:236,10
DA:237,5
DA:238,0
DA:239,2
DA:243,5
DA:246,5
DA:247,5
DA:249,5
DA:250,5
DA:252,1
DA:253,1
DA:254,4
DA:256,4
DA:258,1
DA:259,1
DA:262,3
DA:265,0
DA:266,0
DA:269,0
DA:270,0
DA:271,0
DA:272,0
DA:276,3
DA:277,3
DA:278,3
DA:280,3
DA:281,2
DA:282,1
DA:283,1
DA:284,1
DA:285,1
DA:287,1
DA:288,1
DA:291,1
DA:292,1
DA:295,1
DA:296,4
DA:297,4
DA:298,0
DA:299,0
DA:301,4
DA:302,0
DA:303,0
DA:305,4
DA:308,11
DA:309,11
DA:310,6
DA:312,5
DA:315,0
DA:316,0
DA:317,0
DA:320,0
DA:322,0
DA:325,0
DA:326,0
DA:327,0
DA:328,0
DA:329,0
DA:330,0
DA:331,0
DA:332,0
DA:333,0
DA:334,0
DA:335,0
DA:336,0
DA:337,0
DA:338,0
DA:339,0
DA:342,0
DA:347,0
DA:348,0
DA:349,0
DA:352,0
DA:353,0
DA:354,0
DA:355,0
DA:356,0
DA:357,0
DA:361,0
DA:363,0
DA:364,0
DA:366,0
DA:367,0
DA:369,0
DA:370,0
DA:371,0
DA:373,0
DA:375,0
DA:376,0
DA:379,0
DA:382,0
DA:383,0
DA:386,0
DA:387,0
DA:388,0
DA:389,0
DA:393,0
DA:394,0
DA:395,0
DA:396,0
DA:397,0
DA:399,0
DA:400,0
DA:401,0
DA:403,0
DA:405,0
DA:406,0
DA:408,0
DA:409,0
DA:412,0
DA:413,0
DA:416,0
DA:417,0
DA:418,0
DA:421,0
DA:424,0
DA:425,0
DA:427,0
DA:428,0
DA:431,0
DA:432,0
DA:435,0
DA:436,0
DA:437,0
DA:440,0
DA:441,0
DA:442,0
DA:444,0
DA:447,0
DA:448,0
DA:449,0
DA:451,0
DA:453,0
DA:456,0
DA:457,0
DA:459,0
DA:460,0
DA:461,0
DA:462,0
DA:463,0
DA:465,0
DA:470,0
DA:471,0
DA:472,0
DA:476,0
DA:477,0
DA:478,0
DA:480,0
DA:481,0
DA:482,0
DA:486,0
DA:488,0
DA:489,0
DA:491,0
DA:492,0
DA:494,0
DA:495,0
DA:496,0
DA:498,0
DA:500,0
DA:501,0
DA:504,0
DA:507,0
DA:508,0
DA:511,0
DA:512,0
DA:513,0
DA:514,0
DA:517,0
DA:518,0
DA:520,0
DA:521,0
DA:523,0
DA:525,0
DA:526,0
DA:528,0
DA:529,0
DA:530,0
DA:531,0
DA:533,0
DA:534,0
DA:536,0
DA:537,0
DA:538,0
DA:542,0
DA:544,0
DA:545,0
DA:548,12
DA:549,12
DA:552,9
DA:558,9
DA:559,9
DA:560,9
DA:561,9
DA:563,2
DA:564,2
DA:565,2
DA:568,13
DA:569,13
DA:570,13
DA:571,13
DA:572,13
DA:574,13
DA:575,13
DA:576,13
DA:578,13
DA:579,13
DA:580,13
DA:583,13
LF:333
LH:121
end_of_record
TN:
SF:/home/vongalixor/Git/uvgTorrent-c/src/yuarel/yuarel.c
FN:34,natoi
FN:52,is_relative
FN:64,parse_scheme
FN:94,find_and_terminate
FN:108,find_fragment
FN:113,find_query
FN:118,find_path
FN:131,yuarel_parse
FN:227,yuarel_split_path
FN:256,yuarel_parse_query
FNDA:0,natoi
FNDA:14,is_relative
FNDA:14,parse_scheme
FNDA:42,find_and_terminate
FNDA:14,find_fragment
FNDA:14,find_query
FNDA:14,find_path
FNDA:14,yuarel_parse
FNDA:0,yuarel_split_path
FNDA:1,yuarel_parse_query
FNF:10
FNH:8
DA:34,0
DA:35,0
DA:36,0
DA:37,0
DA:38,0
DA:41,0
DA:52,14
DA:53,14
DA:64,14
DA:68,14
DA:69,14
DA:70,0
DA:74,14
DA:75,0
DA:78,14
DA:80,14
DA:94,42
DA:95,42
DA:96,42
DA:97,41
DA:100,1
DA:101,1
DA:108,14
DA:109,14
DA:113,14
DA:114,14
DA:118,14
DA:119,14
DA:131,14
DA:132,14
DA:133,0
DA:136,14
DA:139,14
DA:142,14
DA:145,14
DA:147,14
DA:148,14
DA:149,14
DA:150,0
DA:154,14
DA:155,0
DA:157,14
DA:160,14
DA:163,14
DA:164,14
DA:166,0
DA:167,0
DA:170,0
DA:171,0
DA:172,0
DA:174,0
DA:175,0
DA:176,0
DA:179,0
DA:180,0
DA:184,14
DA:185,0
DA:189,14
DA:190,14
DA:191,13
DA:192,13
DA:193,0
DA:196,13
DA:197,0
DA:199,13
DA:204,14
DA:205,0
DA:209,0
DA:212,14
DA:227,0
DA:228,0
DA:230,0
DA:231,0
DA:236,0
DA:238,0
DA:239,0
DA:242,0
DA:244,0
DA:245,0
DA:246,0
DA:249,0
DA:250,0
DA:252,0
DA:256,1
DA:257,1
DA:259,1
DA:260,0
DA:263,1
DA:264,8
DA:265,6
DA:266,6
DA:267,6
DA:270,6
DA:271,6
DA:272,6
DA:275,6
DA:279,1
DA:280,1
DA:283,1
LF:99
LH:58
end_of_record
